<?xml version="1.0"?>
<testsuite name="Chrome Headless 144.0.0.0 (Linux x86_64)" package="" timestamp="2026-02-12T21:11:02" id="0" hostname="runnervmjduv7" tests="2" errors="0" failures="0" time="0.052">
  <properties>
    <property name="browser.fullName" value="Mozilla/5.0 (X11; Linux x86_64) AppleWebKit/537.36 (KHTML, like Gecko) HeadlessChrome/144.0.0.0 Safari/537.36"/>
  </properties>
  <testcase name="JokesService should be created" time="0.025" classname="JokesService"/>
  <testcase name="AppComponent should create the app" time="0.027" classname="AppComponent"/>
  <system-out>
    <![CDATA[Chrome Headless 144.0.0.0 (Linux x86_64) ERROR: 'NG0304: 'mat-toolbar' is not a known element (used in the 'AppComponent' component template):
1. If 'mat-toolbar' is an Angular component, then verify that it is a part of an @NgModule where this component is declared.
2. If 'mat-toolbar' is a Web Component then add 'CUSTOM_ELEMENTS_SCHEMA' to the '@NgModule.schemas' of this component to suppress this message.'
,Chrome Headless 144.0.0.0 (Linux x86_64) ERROR: 'NG0304: 'mat-card' is not a known element (used in the 'AppComponent' component template):
1. If 'mat-card' is an Angular component, then verify that it is a part of an @NgModule where this component is declared.
2. If 'mat-card' is a Web Component then add 'CUSTOM_ELEMENTS_SCHEMA' to the '@NgModule.schemas' of this component to suppress this message.'
,Chrome Headless 144.0.0.0 (Linux x86_64) ERROR: 'NG0304: 'mat-card-title' is not a known element (used in the 'AppComponent' component template):
1. If 'mat-card-title' is an Angular component, then verify that it is a part of an @NgModule where this component is declared.
2. If 'mat-card-title' is a Web Component then add 'CUSTOM_ELEMENTS_SCHEMA' to the '@NgModule.schemas' of this component to suppress this message.'
,Chrome Headless 144.0.0.0 (Linux x86_64) ERROR: 'NG0304: 'mat-card-content' is not a known element (used in the 'AppComponent' component template):
1. If 'mat-card-content' is an Angular component, then verify that it is a part of an @NgModule where this component is declared.
2. If 'mat-card-content' is a Web Component then add 'CUSTOM_ELEMENTS_SCHEMA' to the '@NgModule.schemas' of this component to suppress this message.'
,Chrome Headless 144.0.0.0 (Linux x86_64) ERROR: 'NG0304: 'mat-divider' is not a known element (used in the 'AppComponent' component template):
1. If 'mat-divider' is an Angular component, then verify that it is a part of an @NgModule where this component is declared.
2. If 'mat-divider' is a Web Component then add 'CUSTOM_ELEMENTS_SCHEMA' to the '@NgModule.schemas' of this component to suppress this message.'
,Chrome Headless 144.0.0.0 (Linux x86_64) ERROR: 'NG0304: 'mat-card-actions' is not a known element (used in the 'AppComponent' component template):
1. If 'mat-card-actions' is an Angular component, then verify that it is a part of an @NgModule where this component is declared.
2. If 'mat-card-actions' is a Web Component then add 'CUSTOM_ELEMENTS_SCHEMA' to the '@NgModule.schemas' of this component to suppress this message.'

]]>
  </system-out>
  <system-err/>
</testsuite>